Release 9.2i Map J.36
Xilinx Mapping Report File for Design 'clock'

Design Information
------------------
Command Line   : C:\Xilinx92i\bin\nt\map.exe -ise
C:/Xilinx92i/completed_clock/completed_clock.ise -intstyle ise -p
xc3s1000-fg676-4 -cm area -pr b -k 4 -c 100 -o clock_map.ncd clock.ngd clock.pcf
 
Target Device  : xc3s1000
Target Package : fg676
Target Speed   : -4
Mapper Version : spartan3 -- $Revision: 1.36 $
Mapped Date    : Tue Dec 06 16:25:52 2011

Design Summary
--------------
Number of errors:      0
Number of warnings:    0
Logic Utilization:
  Number of Slice Flip Flops:         128 out of  15,360    1%
  Number of 4 input LUTs:             210 out of  15,360    1%
Logic Distribution:
  Number of occupied Slices:                          156 out of   7,680    2%
    Number of Slices containing only related logic:     156 out of     156  100%
    Number of Slices containing unrelated logic:          0 out of     156    0%
      *See NOTES below for an explanation of the effects of unrelated logic
Total Number of 4 input LUTs:            273 out of  15,360    1%
  Number used as logic:                210
  Number used as a route-thru:          63
  Number of bonded IOBs:               19 out of     391    4%
  Number of GCLKs:                     2 out of       8   25%

Total equivalent gate count for design:  2,716
Additional JTAG gate count for IOBs:  912
Peak Memory Usage:  149 MB
Total REAL time to MAP completion:  1 secs 
Total CPU time to MAP completion:   1 secs 

NOTES:

   Related logic is defined as being logic that shares connectivity - e.g. two
   LUTs are "related" if they share common inputs.  When assembling slices,
   Map gives priority to combine logic that is related.  Doing so results in
   the best timing performance.

   Unrelated logic shares no connectivity.  Map will only begin packing
   unrelated logic into a slice once 99% of the slices are occupied through
   related logic packing.

   Note that once logic distribution reaches the 99% level through related
   logic packing, this does not mean the device is completely utilized.
   Unrelated logic packing will then begin, continuing until all usable LUTs
   and FFs are occupied.  Depending on your timing budget, increased levels of
   unrelated logic packing may adversely affect the overall timing performance
   of your design.

Table of Contents
-----------------
Section 1 - Errors
Section 2 - Warnings
Section 3 - Informational
Section 4 - Removed Logic Summary
Section 5 - Removed Logic
Section 6 - IOB Properties
Section 7 - RPMs
Section 8 - Guide Report
Section 9 - Area Group and Partition Summary
Section 10 - Modular Design Summary
Section 11 - Timing Report
Section 12 - Configuration String Information
Section 13 - Control Set Information

Section 1 - Errors
------------------

Section 2 - Warnings
--------------------

Section 3 - Informational
-------------------------
INFO:MapLib:562 - No environment variables are currently set.
INFO:MapLib:863 - The following Virtex BUFG(s) is/are being retargeted to
   Virtex2 BUFGMUX(s) with input tied to I0 and Select pin tied to constant 0:
   BUFG symbol "U_dis_min/U_min_10/U_freq_div_10/clk_div_N_BUFG" (output
   signal=U_dis_min/U_min_10/U_freq_div_10/clk_div_N),
   BUFGP symbol "clk_BUFGP" (output signal=clk_BUFGP)
INFO:LIT:244 - All of the single ended outputs in this design are using slew
   rate limited output drivers. The delay on speed critical single ended outputs
   can be dramatically reduced by designating them as fast outputs in the
   schematic.

Section 4 - Removed Logic Summary
---------------------------------
   2 block(s) optimized away

Section 5 - Removed Logic
-------------------------

Optimized Block(s):
TYPE 		BLOCK
GND 		XST_GND
VCC 		XST_VCC

To enable printing of redundant blocks removed and signals merged, set the
detailed map report option and rerun map.

Section 6 - IOB Properties
--------------------------

+------------------------------------------------------------------------------------------------------------------------+
| IOB Name                           | Type    | Direction | IO Standard | Drive    | Slew | Reg (s)  | Resistor | IOB   |
|                                    |         |           |             | Strength | Rate |          |          | Delay |
+------------------------------------------------------------------------------------------------------------------------+
| beep                               | IOB     | OUTPUT    | LVCMOS25    | 12       | SLOW |          |          |       |
| clk                                | IOB     | INPUT     | LVCMOS25    |          |      |          |          |       |
| rst                                | IOB     | INPUT     | LVCMOS25    |          |      |          |          |       |
| seg_com<0>                         | IOB     | OUTPUT    | LVCMOS25    | 12       | SLOW |          |          |       |
| seg_com<1>                         | IOB     | OUTPUT    | LVCMOS25    | 12       | SLOW |          |          |       |
| seg_com<2>                         | IOB     | OUTPUT    | LVCMOS25    | 12       | SLOW |          |          |       |
| seg_com<3>                         | IOB     | OUTPUT    | LVCMOS25    | 12       | SLOW |          |          |       |
| seg_com<4>                         | IOB     | OUTPUT    | LVCMOS25    | 12       | SLOW |          |          |       |
| seg_com<5>                         | IOB     | OUTPUT    | LVCMOS25    | 12       | SLOW |          |          |       |
| seg_com<6>                         | IOB     | OUTPUT    | LVCMOS25    | 12       | SLOW |          |          |       |
| seg_com<7>                         | IOB     | OUTPUT    | LVCMOS25    | 12       | SLOW |          |          |       |
| seg_data<0>                        | IOB     | OUTPUT    | LVCMOS25    | 12       | SLOW |          |          |       |
| seg_data<1>                        | IOB     | OUTPUT    | LVCMOS25    | 12       | SLOW |          |          |       |
| seg_data<2>                        | IOB     | OUTPUT    | LVCMOS25    | 12       | SLOW |          |          |       |
| seg_data<3>                        | IOB     | OUTPUT    | LVCMOS25    | 12       | SLOW |          |          |       |
| seg_data<4>                        | IOB     | OUTPUT    | LVCMOS25    | 12       | SLOW |          |          |       |
| seg_data<5>                        | IOB     | OUTPUT    | LVCMOS25    | 12       | SLOW |          |          |       |
| seg_data<6>                        | IOB     | OUTPUT    | LVCMOS25    | 12       | SLOW |          |          |       |
| seg_data<7>                        | IOB     | OUTPUT    | LVCMOS25    | 12       | SLOW |          |          |       |
+------------------------------------------------------------------------------------------------------------------------+

Section 7 - RPMs
----------------

Section 8 - Guide Report
------------------------
Guide not run on this design.

Section 9 - Area Group and Partition Summary
--------------------------------------------

Partition Implementation Status
-------------------------------

  No Partitions were found in this design.

-------------------------------

Area Group Information
----------------------

  No area groups were found in this design.


----------------------

Section 10 - Modular Design Summary
-----------------------------------
Modular Design not used for this design.

Section 11 - Timing Report
--------------------------
This design was not run using timing mode.

Section 12 - Configuration String Details
-----------------------------------------
Use the "-detail" map option to print out Configuration Strings

Section 13 - Control Set Information
------------------------------------
No control set information for this architecture.
