Asterisk (*) preceding a constraint indicates it was not met.
   This may be due to a setup or hold violation.

------------------------------------------------------------------------------------------------------
  Constraint                                |  Check  | Worst Case |  Best Case | Timing |   Timing   
                                            |         |    Slack   | Achievable | Errors |    Score   
------------------------------------------------------------------------------------------------------
  Autotimespec constraint for clock net clk | SETUP   |         N/A|     4.834ns|     N/A|           0
  _BUFGP                                    | HOLD    |     0.898ns|            |       0|           0
------------------------------------------------------------------------------------------------------
  Autotimespec constraint for clock net U_d | SETUP   |         N/A|     5.620ns|     N/A|           0
  is_min/U_min_1/U_freq_div_1/clk_div_N     | HOLD    |     0.386ns|            |       0|           0
------------------------------------------------------------------------------------------------------
  Autotimespec constraint for clock net U_d | SETUP   |         N/A|     5.209ns|     N/A|           0
  is_sec/U_sec_1/U_freq_div_1/clk_div_N     | HOLD    |     0.505ns|            |       0|           0
------------------------------------------------------------------------------------------------------
  Autotimespec constraint for clock net U_d | SETUP   |         N/A|     4.693ns|     N/A|           0
  is_min/U_min_10/U_freq_div_10/clk_div_N   | HOLD    |     0.891ns|            |       0|           0
------------------------------------------------------------------------------------------------------
  Autotimespec constraint for clock net U_d | SETUP   |         N/A|     5.568ns|     N/A|           0
  is_sec/U_sec_10/U_freq_div_10/clk_div_N   | HOLD    |     0.381ns|            |       0|           0
------------------------------------------------------------------------------------------------------
  Autotimespec constraint for clock net U_d | SETUP   |         N/A|     5.345ns|     N/A|           0
  is_sec/U_freq_div_1000/clk_div_N          | HOLD    |     0.425ns|            |       0|           0
------------------------------------------------------------------------------------------------------
  Autotimespec constraint for clock net U_d | SETUP   |         N/A|     1.671ns|     N/A|           1
  is_dot/U_freq_div_1/clk_div_N             | HOLD    |     0.891ns|            |       0|           0
------------------------------------------------------------------------------------------------------
  Autotimespec constraint for clock net U_d | SETUP   |         N/A|     1.662ns|     N/A|           0
  is_hour/U_hour_clk/U_freq_div_1/clk_div_N | HOLD    |     0.884ns|            |       0|           0
------------------------------------------------------------------------------------------------------


1 constraint not met.
INFO:Timing:2761 - N/A entries in the Constraints list may indicate that the 
   constraint does not cover any paths or that it has no requested value.


